# JRE version: Java(TM) SE Runtime Environment 18.9 (11.0.8+10) (build 11.0.8+10-LTS)
# Java VM: Java HotSpot(TM) 64-Bit Server VM 18.9 (11.0.8+10-LTS, mixed mode, tiered, compressed oops, g1 gc, windows-amd64)
Heap:
 garbage-first heap   total 95232K, used 14072K [0x00000000c1800000, 0x0000000100000000)
  region size 1024K, 5 young (5120K), 5 survivors (5120K)
 Metaspace       used 30179K, capacity 31297K, committed 31536K, reserved 1077248K
  class space    used 3759K, capacity 4153K, committed 4224K, reserved 1048576K
GC Heap History (10 events):
Event: 1.309 GC heap after
{Heap after GC invocations=5 (full 0):
 garbage-first heap   total 65536K, used 7934K [0x00000000c1800000, 0x0000000100000000)
  region size 1024K, 3 young (3072K), 3 survivors (3072K)
 Metaspace       used 18383K, capacity 18949K, committed 19072K, reserved 1067008K
  class space    used 2094K, capacity 2320K, committed 2432K, reserved 1048576K
}
Event: 1.447 GC heap before
{Heap before GC invocations=5 (full 0):
 garbage-first heap   total 65536K, used 22270K [0x00000000c1800000, 0x0000000100000000)
  region size 1024K, 18 young (18432K), 3 survivors (3072K)
 Metaspace       used 20597K, capacity 21135K, committed 21296K, reserved 1069056K
  class space    used 2391K, capacity 2606K, committed 2688K, reserved 1048576K
}
Event: 1.452 GC heap after
{Heap after GC invocations=6 (full 0):
 garbage-first heap   total 78848K, used 8487K [0x00000000c1800000, 0x0000000100000000)
  region size 1024K, 3 young (3072K), 3 survivors (3072K)
 Metaspace       used 20597K, capacity 21135K, committed 21296K, reserved 1069056K
  class space    used 2391K, capacity 2606K, committed 2688K, reserved 1048576K
}
Event: 1.571 GC heap before
{Heap before GC invocations=7 (full 0):
 garbage-first heap   total 78848K, used 49447K [0x00000000c1800000, 0x0000000100000000)
  region size 1024K, 44 young (45056K), 3 survivors (3072K)
 Metaspace       used 21225K, capacity 21811K, committed 22192K, reserved 1069056K
  class space    used 2475K, capacity 2723K, committed 2816K, reserved 1048576K
}
Event: 1.576 GC heap after
{Heap after GC invocations=8 (full 0):
 garbage-first heap   total 78848K, used 8870K [0x00000000c1800000, 0x0000000100000000)
  region size 1024K, 4 young (4096K), 4 survivors (4096K)
 Metaspace       used 21225K, capacity 21811K, committed 22192K, reserved 1069056K
  class space    used 2475K, capacity 2723K, committed 2816K, reserved 1048576K
}
Event: 2.008 GC heap before
{Heap before GC invocations=8 (full 0):
 garbage-first heap   total 78848K, used 50854K [0x00000000c1800000, 0x0000000100000000)
  region size 1024K, 46 young (47104K), 4 survivors (4096K)
 Metaspace       used 22898K, capacity 23569K, committed 23728K, reserved 1071104K
  class space    used 2718K, capacity 2989K, committed 3072K, reserved 1048576K
}
Event: 2.014 GC heap after
{Heap after GC invocations=9 (full 0):
 garbage-first heap   total 78848K, used 10101K [0x00000000c1800000, 0x0000000100000000)
  region size 1024K, 5 young (5120K), 5 survivors (5120K)
 Metaspace       used 22898K, capacity 23569K, committed 23728K, reserved 1071104K
  class space    used 2718K, capacity 2989K, committed 3072K, reserved 1048576K
}
Event: 2.597 GC heap before
{Heap before GC invocations=9 (full 0):
 garbage-first heap   total 78848K, used 52085K [0x00000000c1800000, 0x0000000100000000)
  region size 1024K, 46 young (47104K), 5 survivors (5120K)
 Metaspace       used 26752K, capacity 27661K, committed 27952K, reserved 1073152K
  class space    used 3302K, capacity 3637K, committed 3712K, reserved 1048576K
}
Event: 2.605 GC heap after
{Heap after GC invocations=10 (full 0):
 garbage-first heap   total 78848K, used 12029K [0x00000000c1800000, 0x0000000100000000)
  region size 1024K, 5 young (5120K), 5 survivors (5120K)
 Metaspace       used 26752K, capacity 27661K, committed 27952K, reserved 1073152K
  class space    used 3302K, capacity 3637K, committed 3712K, reserved 1048576K
}
Event: 3.062 GC heap before
{Heap before GC invocations=10 (full 0):
 garbage-first heap   total 78848K, used 52989K [0x00000000c1800000, 0x0000000100000000)
  region size 1024K, 46 young (47104K), 5 survivors (5120K)
 Metaspace       used 30179K, capacity 31297K, committed 31536K, reserved 1077248K
  class space    used 3759K, capacity 4153K, committed 4224K, reserved 1048576K
}

