# JRE version: Java(TM) SE Runtime Environment 18.9 (11.0.8+10) (build 11.0.8+10-LTS)
# Java VM: Java HotSpot(TM) 64-Bit Server VM 18.9 (11.0.8+10-LTS, mixed mode, tiered, compressed oops, g1 gc, windows-amd64)
Heap:
 garbage-first heap   total 78848K, used 37585K [0x00000000c1800000, 0x0000000100000000)
  region size 1024K, 31 young (31744K), 3 survivors (3072K)
 Metaspace       used 21255K, capacity 21684K, committed 22064K, reserved 1069056K
  class space    used 2226K, capacity 2355K, committed 2432K, reserved 1048576K
GC Heap History (10 events):
Event: 0.694 GC heap before
{Heap before GC invocations=0 (full 0):
 garbage-first heap   total 65536K, used 13312K [0x00000000c1800000, 0x0000000100000000)
  region size 1024K, 14 young (14336K), 0 survivors (0K)
 Metaspace       used 10952K, capacity 11081K, committed 11136K, reserved 1058816K
  class space    used 1051K, capacity 1120K, committed 1152K, reserved 1048576K
}
Event: 0.702 GC heap after
{Heap after GC invocations=1 (full 0):
 garbage-first heap   total 65536K, used 3088K [0x00000000c1800000, 0x0000000100000000)
  region size 1024K, 2 young (2048K), 2 survivors (2048K)
 Metaspace       used 10952K, capacity 11081K, committed 11136K, reserved 1058816K
  class space    used 1051K, capacity 1120K, committed 1152K, reserved 1048576K
}
Event: 1.016 GC heap before
{Heap before GC invocations=1 (full 0):
 garbage-first heap   total 65536K, used 13328K [0x00000000c1800000, 0x0000000100000000)
  region size 1024K, 12 young (12288K), 2 survivors (2048K)
 Metaspace       used 12497K, capacity 12725K, committed 12928K, reserved 1060864K
  class space    used 1265K, capacity 1348K, committed 1408K, reserved 1048576K
}
Event: 1.022 GC heap after
{Heap after GC invocations=2 (full 0):
 garbage-first heap   total 65536K, used 3590K [0x00000000c1800000, 0x0000000100000000)
  region size 1024K, 1 young (1024K), 1 survivors (1024K)
 Metaspace       used 12497K, capacity 12725K, committed 12928K, reserved 1060864K
  class space    used 1265K, capacity 1348K, committed 1408K, reserved 1048576K
}
Event: 1.860 GC heap before
{Heap before GC invocations=2 (full 0):
 garbage-first heap   total 65536K, used 28166K [0x00000000c1800000, 0x0000000100000000)
  region size 1024K, 26 young (26624K), 1 survivors (1024K)
 Metaspace       used 15692K, capacity 15874K, committed 16128K, reserved 1062912K
  class space    used 1657K, capacity 1777K, committed 1792K, reserved 1048576K
}
Event: 1.865 GC heap after
{Heap after GC invocations=3 (full 0):
 garbage-first heap   total 65536K, used 4428K [0x00000000c1800000, 0x0000000100000000)
  region size 1024K, 2 young (2048K), 2 survivors (2048K)
 Metaspace       used 15692K, capacity 15874K, committed 16128K, reserved 1062912K
  class space    used 1657K, capacity 1777K, committed 1792K, reserved 1048576K
}
Event: 3.188 GC heap before
{Heap before GC invocations=3 (full 0):
 garbage-first heap   total 65536K, used 35148K [0x00000000c1800000, 0x0000000100000000)
  region size 1024K, 32 young (32768K), 2 survivors (2048K)
 Metaspace       used 20165K, capacity 20579K, committed 20736K, reserved 1067008K
  class space    used 2163K, capacity 2285K, committed 2304K, reserved 1048576K
}
Event: 3.205 GC heap after
{Heap after GC invocations=4 (full 0):
 garbage-first heap   total 65536K, used 7269K [0x00000000c1800000, 0x0000000100000000)
  region size 1024K, 4 young (4096K), 4 survivors (4096K)
 Metaspace       used 20165K, capacity 20579K, committed 20736K, reserved 1067008K
  class space    used 2163K, capacity 2285K, committed 2304K, reserved 1048576K
}
Event: 3.596 GC heap before
{Heap before GC invocations=4 (full 0):
 garbage-first heap   total 65536K, used 27749K [0x00000000c1800000, 0x0000000100000000)
  region size 1024K, 25 young (25600K), 4 survivors (4096K)
 Metaspace       used 20774K, capacity 21126K, committed 21296K, reserved 1069056K
  class space    used 2207K, capacity 2319K, committed 2432K, reserved 1048576K
}
Event: 3.617 GC heap after
{Heap after GC invocations=5 (full 0):
 garbage-first heap   total 78848K, used 9937K [0x00000000c1800000, 0x0000000100000000)
  region size 1024K, 3 young (3072K), 3 survivors (3072K)
 Metaspace       used 20774K, capacity 21126K, committed 21296K, reserved 1069056K
  class space    used 2207K, capacity 2319K, committed 2432K, reserved 1048576K
}

