# JRE version: Java(TM) SE Runtime Environment 18.9 (11.0.8+10) (build 11.0.8+10-LTS)
# Java VM: Java HotSpot(TM) 64-Bit Server VM 18.9 (11.0.8+10-LTS, mixed mode, tiered, compressed oops, g1 gc, windows-amd64)
Heap:
 garbage-first heap   total 78848K, used 69347K [0x00000000c1800000, 0x0000000100000000)
  region size 1024K, 12 young (12288K), 4 survivors (4096K)
 Metaspace       used 22753K, capacity 23303K, committed 23472K, reserved 1071104K
  class space    used 2355K, capacity 2536K, committed 2560K, reserved 1048576K
GC Heap History (10 events):
Event: 1.481 GC heap before
{Heap before GC invocations=2 (full 0):
 garbage-first heap   total 65536K, used 27141K [0x00000000c1800000, 0x0000000100000000)
  region size 1024K, 24 young (24576K), 1 survivors (1024K)
 Metaspace       used 14388K, capacity 14583K, committed 14720K, reserved 1062912K
  class space    used 1485K, capacity 1579K, committed 1664K, reserved 1048576K
}
Event: 1.486 GC heap after
{Heap after GC invocations=3 (full 0):
 garbage-first heap   total 65536K, used 4242K [0x00000000c1800000, 0x0000000100000000)
  region size 1024K, 2 young (2048K), 2 survivors (2048K)
 Metaspace       used 14388K, capacity 14583K, committed 14720K, reserved 1062912K
  class space    used 1485K, capacity 1579K, committed 1664K, reserved 1048576K
}
Event: 2.682 GC heap before
{Heap before GC invocations=3 (full 0):
 garbage-first heap   total 65536K, used 33938K [0x00000000c1800000, 0x0000000100000000)
  region size 1024K, 31 young (31744K), 2 survivors (2048K)
 Metaspace       used 19603K, capacity 20020K, committed 20224K, reserved 1067008K
  class space    used 2132K, capacity 2248K, committed 2304K, reserved 1048576K
}
Event: 2.694 GC heap after
{Heap after GC invocations=4 (full 0):
 garbage-first heap   total 65536K, used 6608K [0x00000000c1800000, 0x0000000100000000)
  region size 1024K, 4 young (4096K), 4 survivors (4096K)
 Metaspace       used 19603K, capacity 20020K, committed 20224K, reserved 1067008K
  class space    used 2132K, capacity 2248K, committed 2304K, reserved 1048576K
}
Event: 3.510 GC heap before
{Heap before GC invocations=4 (full 0):
 garbage-first heap   total 65536K, used 34256K [0x00000000c1800000, 0x0000000100000000)
  region size 1024K, 32 young (32768K), 4 survivors (4096K)
 Metaspace       used 20770K, capacity 21126K, committed 21296K, reserved 1069056K
  class space    used 2207K, capacity 2319K, committed 2432K, reserved 1048576K
}
Event: 3.529 GC heap after
{Heap after GC invocations=5 (full 0):
 garbage-first heap   total 78848K, used 10177K [0x00000000c1800000, 0x0000000100000000)
  region size 1024K, 4 young (4096K), 4 survivors (4096K)
 Metaspace       used 20770K, capacity 21126K, committed 21296K, reserved 1069056K
  class space    used 2207K, capacity 2319K, committed 2432K, reserved 1048576K
}
Event: 4.223 GC heap before
{Heap before GC invocations=6 (full 0):
 garbage-first heap   total 78848K, used 51137K [0x00000000c1800000, 0x0000000100000000)
  region size 1024K, 44 young (45056K), 4 survivors (4096K)
 Metaspace       used 21378K, capacity 21821K, committed 22064K, reserved 1069056K
  class space    used 2228K, capacity 2358K, committed 2432K, reserved 1048576K
}
Event: 4.238 GC heap after
{Heap after GC invocations=7 (full 0):
 garbage-first heap   total 78848K, used 12160K [0x00000000c1800000, 0x0000000100000000)
  region size 1024K, 3 young (3072K), 3 survivors (3072K)
 Metaspace       used 21378K, capacity 21821K, committed 22064K, reserved 1069056K
  class space    used 2228K, capacity 2358K, committed 2432K, reserved 1048576K
}
Event: 4.610 GC heap before
{Heap before GC invocations=7 (full 0):
 garbage-first heap   total 78848K, used 46976K [0x00000000c1800000, 0x0000000100000000)
  region size 1024K, 18 young (18432K), 3 survivors (3072K)
 Metaspace       used 22482K, capacity 22939K, committed 23216K, reserved 1071104K
  class space    used 2338K, capacity 2496K, committed 2560K, reserved 1048576K
}
Event: 4.619 GC heap after
{Heap after GC invocations=8 (full 0):
 garbage-first heap   total 78848K, used 33507K [0x00000000c1800000, 0x0000000100000000)
  region size 1024K, 4 young (4096K), 4 survivors (4096K)
 Metaspace       used 22482K, capacity 22939K, committed 23216K, reserved 1071104K
  class space    used 2338K, capacity 2496K, committed 2560K, reserved 1048576K
}

