# JRE version: Java(TM) SE Runtime Environment 18.9 (11.0.8+10) (build 11.0.8+10-LTS)
# Java VM: Java HotSpot(TM) 64-Bit Server VM 18.9 (11.0.8+10-LTS, mixed mode, tiered, compressed oops, g1 gc, windows-amd64)
Heap:
 garbage-first heap   total 68608K, used 38355K [0x00000000c1800000, 0x0000000100000000)
  region size 1024K, 16 young (16384K), 3 survivors (3072K)
 Metaspace       used 63048K, capacity 66804K, committed 67024K, reserved 1107968K
  class space    used 7972K, capacity 9325K, committed 9344K, reserved 1048576K
GC Heap History (10 events):
Event: 1420.959 GC heap before
{Heap before GC invocations=132 (full 23):
 garbage-first heap   total 68608K, used 53155K [0x00000000c1800000, 0x0000000100000000)
  region size 1024K, 31 young (31744K), 3 survivors (3072K)
 Metaspace       used 63021K, capacity 66716K, committed 66768K, reserved 1107968K
  class space    used 7971K, capacity 9321K, committed 9344K, reserved 1048576K
}
Event: 1420.962 GC heap after
{Heap after GC invocations=133 (full 23):
 garbage-first heap   total 68608K, used 25910K [0x00000000c1800000, 0x0000000100000000)
  region size 1024K, 3 young (3072K), 3 survivors (3072K)
 Metaspace       used 63021K, capacity 66716K, committed 66768K, reserved 1107968K
  class space    used 7971K, capacity 9321K, committed 9344K, reserved 1048576K
}
Event: 1422.554 GC heap before
{Heap before GC invocations=133 (full 23):
 garbage-first heap   total 68608K, used 40246K [0x00000000c1800000, 0x0000000100000000)
  region size 1024K, 18 young (18432K), 3 survivors (3072K)
 Metaspace       used 63024K, capacity 66722K, committed 66768K, reserved 1107968K
  class space    used 7971K, capacity 9323K, committed 9344K, reserved 1048576K
}
Event: 1422.611 GC heap after
{Heap after GC invocations=134 (full 24):
 garbage-first heap   total 68608K, used 23347K [0x00000000c1800000, 0x0000000100000000)
  region size 1024K, 0 young (0K), 0 survivors (0K)
 Metaspace       used 63021K, capacity 66716K, committed 66768K, reserved 1107968K
  class space    used 7971K, capacity 9321K, committed 9344K, reserved 1048576K
}
Event: 1422.785 GC heap before
{Heap before GC invocations=134 (full 24):
 garbage-first heap   total 68608K, used 55091K [0x00000000c1800000, 0x0000000100000000)
  region size 1024K, 31 young (31744K), 0 survivors (0K)
 Metaspace       used 63021K, capacity 66716K, committed 66768K, reserved 1107968K
  class space    used 7971K, capacity 9321K, committed 9344K, reserved 1048576K
}
Event: 1422.788 GC heap after
{Heap after GC invocations=135 (full 24):
 garbage-first heap   total 68608K, used 24821K [0x00000000c1800000, 0x0000000100000000)
  region size 1024K, 2 young (2048K), 2 survivors (2048K)
 Metaspace       used 63021K, capacity 66716K, committed 66768K, reserved 1107968K
  class space    used 7971K, capacity 9321K, committed 9344K, reserved 1048576K
}
Event: 1422.844 GC heap before
{Heap before GC invocations=135 (full 24):
 garbage-first heap   total 68608K, used 54517K [0x00000000c1800000, 0x0000000100000000)
  region size 1024K, 32 young (32768K), 2 survivors (2048K)
 Metaspace       used 63021K, capacity 66716K, committed 66768K, reserved 1107968K
  class space    used 7971K, capacity 9321K, committed 9344K, reserved 1048576K
}
Event: 1422.847 GC heap after
{Heap after GC invocations=136 (full 24):
 garbage-first heap   total 68608K, used 25554K [0x00000000c1800000, 0x0000000100000000)
  region size 1024K, 3 young (3072K), 3 survivors (3072K)
 Metaspace       used 63021K, capacity 66716K, committed 66768K, reserved 1107968K
  class space    used 7971K, capacity 9321K, committed 9344K, reserved 1048576K
}
Event: 1422.961 GC heap before
{Heap before GC invocations=136 (full 24):
 garbage-first heap   total 68608K, used 54226K [0x00000000c1800000, 0x0000000100000000)
  region size 1024K, 32 young (32768K), 3 survivors (3072K)
 Metaspace       used 63045K, capacity 66798K, committed 67024K, reserved 1107968K
  class space    used 7972K, capacity 9323K, committed 9344K, reserved 1048576K
}
Event: 1422.967 GC heap after
{Heap after GC invocations=137 (full 24):
 garbage-first heap   total 68608K, used 26067K [0x00000000c1800000, 0x0000000100000000)
  region size 1024K, 3 young (3072K), 3 survivors (3072K)
 Metaspace       used 63045K, capacity 66798K, committed 67024K, reserved 1107968K
  class space    used 7972K, capacity 9323K, committed 9344K, reserved 1048576K
}

