# JRE version: Java(TM) SE Runtime Environment 18.9 (11.0.8+10) (build 11.0.8+10-LTS)
# Java VM: Java HotSpot(TM) 64-Bit Server VM 18.9 (11.0.8+10-LTS, mixed mode, tiered, compressed oops, g1 gc, windows-amd64)
Heap:
 garbage-first heap   total 95232K, used 27184K [0x00000000c1800000, 0x0000000100000000)
  region size 1024K, 11 young (11264K), 3 survivors (3072K)
 Metaspace       used 37916K, capacity 38630K, committed 38864K, reserved 1083392K
  class space    used 4152K, capacity 4382K, committed 4480K, reserved 1048576K
GC Heap History (10 events):
Event: 6.677 GC heap before
{Heap before GC invocations=7 (full 0):
 garbage-first heap   total 78848K, used 42717K [0x00000000c1800000, 0x0000000100000000)
  region size 1024K, 33 young (33792K), 4 survivors (4096K)
 Metaspace       used 29025K, capacity 29461K, committed 29616K, reserved 1075200K
  class space    used 3157K, capacity 3323K, committed 3328K, reserved 1048576K
}
Event: 6.694 GC heap after
{Heap after GC invocations=8 (full 0):
 garbage-first heap   total 78848K, used 16034K [0x00000000c1800000, 0x0000000100000000)
  region size 1024K, 3 young (3072K), 3 survivors (3072K)
 Metaspace       used 29025K, capacity 29461K, committed 29616K, reserved 1075200K
  class space    used 3157K, capacity 3323K, committed 3328K, reserved 1048576K
}
Event: 7.536 GC heap before
{Heap before GC invocations=8 (full 0):
 garbage-first heap   total 78848K, used 45730K [0x00000000c1800000, 0x0000000100000000)
  region size 1024K, 32 young (32768K), 3 survivors (3072K)
 Metaspace       used 29939K, capacity 30398K, committed 30512K, reserved 1077248K
  class space    used 3229K, capacity 3399K, committed 3456K, reserved 1048576K
}
Event: 7.547 GC heap after
{Heap after GC invocations=9 (full 0):
 garbage-first heap   total 78848K, used 16797K [0x00000000c1800000, 0x0000000100000000)
  region size 1024K, 2 young (2048K), 2 survivors (2048K)
 Metaspace       used 29939K, capacity 30398K, committed 30512K, reserved 1077248K
  class space    used 3229K, capacity 3399K, committed 3456K, reserved 1048576K
}
Event: 8.352 GC heap before
{Heap before GC invocations=9 (full 0):
 garbage-first heap   total 78848K, used 48541K [0x00000000c1800000, 0x0000000100000000)
  region size 1024K, 32 young (32768K), 2 survivors (2048K)
 Metaspace       used 32829K, capacity 33432K, committed 33584K, reserved 1079296K
  class space    used 3518K, capacity 3689K, committed 3712K, reserved 1048576K
}
Event: 8.361 GC heap after
{Heap after GC invocations=10 (full 0):
 garbage-first heap   total 95232K, used 19576K [0x00000000c1800000, 0x0000000100000000)
  region size 1024K, 4 young (4096K), 4 survivors (4096K)
 Metaspace       used 32829K, capacity 33432K, committed 33584K, reserved 1079296K
  class space    used 3518K, capacity 3689K, committed 3712K, reserved 1048576K
}
Event: 8.425 GC heap before
{Heap before GC invocations=10 (full 0):
 garbage-first heap   total 95232K, used 55416K [0x00000000c1800000, 0x0000000100000000)
  region size 1024K, 40 young (40960K), 4 survivors (4096K)
 Metaspace       used 32838K, capacity 33432K, committed 33584K, reserved 1079296K
  class space    used 3519K, capacity 3689K, committed 3712K, reserved 1048576K
}
Event: 8.431 GC heap after
{Heap after GC invocations=11 (full 0):
 garbage-first heap   total 95232K, used 18601K [0x00000000c1800000, 0x0000000100000000)
  region size 1024K, 2 young (2048K), 2 survivors (2048K)
 Metaspace       used 32838K, capacity 33432K, committed 33584K, reserved 1079296K
  class space    used 3519K, capacity 3689K, committed 3712K, reserved 1048576K
}
Event: 8.626 GC heap before
{Heap before GC invocations=11 (full 0):
 garbage-first heap   total 95232K, used 22697K [0x00000000c1800000, 0x0000000100000000)
  region size 1024K, 7 young (7168K), 2 survivors (2048K)
 Metaspace       used 35226K, capacity 35803K, committed 35920K, reserved 1081344K
  class space    used 3843K, capacity 4034K, committed 4096K, reserved 1048576K
}
Event: 8.631 GC heap after
{Heap after GC invocations=12 (full 0):
 garbage-first heap   total 95232K, used 18992K [0x00000000c1800000, 0x0000000100000000)
  region size 1024K, 3 young (3072K), 3 survivors (3072K)
 Metaspace       used 35226K, capacity 35803K, committed 35920K, reserved 1081344K
  class space    used 3843K, capacity 4034K, committed 4096K, reserved 1048576K
}

