# JRE version: Java(TM) SE Runtime Environment 18.9 (11.0.8+10) (build 11.0.8+10-LTS)
# Java VM: Java HotSpot(TM) 64-Bit Server VM 18.9 (11.0.8+10-LTS, mixed mode, tiered, compressed oops, g1 gc, windows-amd64)
Heap:
 garbage-first heap   total 78848K, used 36057K [0x00000000c1800000, 0x0000000100000000)
  region size 1024K, 23 young (23552K), 3 survivors (3072K)
 Metaspace       used 30930K, capacity 31552K, committed 31664K, reserved 1077248K
  class space    used 3305K, capacity 3501K, committed 3584K, reserved 1048576K
GC Heap History (10 events):
Event: 2.977 GC heap before
{Heap before GC invocations=3 (full 0):
 garbage-first heap   total 65536K, used 36497K [0x00000000c1800000, 0x0000000100000000)
  region size 1024K, 33 young (33792K), 2 survivors (2048K)
 Metaspace       used 20213K, capacity 20644K, committed 20736K, reserved 1067008K
  class space    used 2163K, capacity 2285K, committed 2304K, reserved 1048576K
}
Event: 2.997 GC heap after
{Heap after GC invocations=4 (full 0):
 garbage-first heap   total 65536K, used 7950K [0x00000000c1800000, 0x0000000100000000)
  region size 1024K, 5 young (5120K), 5 survivors (5120K)
 Metaspace       used 20213K, capacity 20644K, committed 20736K, reserved 1067008K
  class space    used 2163K, capacity 2285K, committed 2304K, reserved 1048576K
}
Event: 3.399 GC heap before
{Heap before GC invocations=4 (full 0):
 garbage-first heap   total 65536K, used 28430K [0x00000000c1800000, 0x0000000100000000)
  region size 1024K, 26 young (26624K), 5 survivors (5120K)
 Metaspace       used 20778K, capacity 21126K, committed 21296K, reserved 1069056K
  class space    used 2206K, capacity 2319K, committed 2432K, reserved 1048576K
}
Event: 3.422 GC heap after
{Heap after GC invocations=5 (full 0):
 garbage-first heap   total 78848K, used 10608K [0x00000000c1800000, 0x0000000100000000)
  region size 1024K, 3 young (3072K), 3 survivors (3072K)
 Metaspace       used 20778K, capacity 21126K, committed 21296K, reserved 1069056K
  class space    used 2206K, capacity 2319K, committed 2432K, reserved 1048576K
}
Event: 4.252 GC heap before
{Heap before GC invocations=6 (full 0):
 garbage-first heap   total 78848K, used 45424K [0x00000000c1800000, 0x0000000100000000)
  region size 1024K, 37 young (37888K), 3 survivors (3072K)
 Metaspace       used 21748K, capacity 22196K, committed 22320K, reserved 1069056K
  class space    used 2276K, capacity 2395K, committed 2432K, reserved 1048576K
}
Event: 4.264 GC heap after
{Heap after GC invocations=7 (full 0):
 garbage-first heap   total 78848K, used 11906K [0x00000000c1800000, 0x0000000100000000)
  region size 1024K, 2 young (2048K), 2 survivors (2048K)
 Metaspace       used 21748K, capacity 22196K, committed 22320K, reserved 1069056K
  class space    used 2276K, capacity 2395K, committed 2432K, reserved 1048576K
}
Event: 5.120 GC heap before
{Heap before GC invocations=7 (full 0):
 garbage-first heap   total 78848K, used 48770K [0x00000000c1800000, 0x0000000100000000)
  region size 1024K, 38 young (38912K), 2 survivors (2048K)
 Metaspace       used 24938K, capacity 25501K, committed 25776K, reserved 1073152K
  class space    used 2599K, capacity 2758K, committed 2816K, reserved 1048576K
}
Event: 5.128 GC heap after
{Heap after GC invocations=8 (full 0):
 garbage-first heap   total 78848K, used 14392K [0x00000000c1800000, 0x0000000100000000)
  region size 1024K, 5 young (5120K), 5 survivors (5120K)
 Metaspace       used 24938K, capacity 25501K, committed 25776K, reserved 1073152K
  class space    used 2599K, capacity 2758K, committed 2816K, reserved 1048576K
}
Event: 5.151 GC heap before
{Heap before GC invocations=8 (full 0):
 garbage-first heap   total 78848K, used 51256K [0x00000000c1800000, 0x0000000100000000)
  region size 1024K, 41 young (41984K), 5 survivors (5120K)
 Metaspace       used 24951K, capacity 25501K, committed 25776K, reserved 1073152K
  class space    used 2599K, capacity 2758K, committed 2816K, reserved 1048576K
}
Event: 5.160 GC heap after
{Heap after GC invocations=9 (full 0):
 garbage-first heap   total 78848K, used 15577K [0x00000000c1800000, 0x0000000100000000)
  region size 1024K, 3 young (3072K), 3 survivors (3072K)
 Metaspace       used 24951K, capacity 25501K, committed 25776K, reserved 1073152K
  class space    used 2599K, capacity 2758K, committed 2816K, reserved 1048576K
}

