# JRE version: Java(TM) SE Runtime Environment 18.9 (11.0.8+10) (build 11.0.8+10-LTS)
# Java VM: Java HotSpot(TM) 64-Bit Server VM 18.9 (11.0.8+10-LTS, mixed mode, tiered, compressed oops, g1 gc, windows-amd64)
Heap:
 garbage-first heap   total 78848K, used 14735K [0x00000000c1800000, 0x0000000100000000)
  region size 1024K, 6 young (6144K), 2 survivors (2048K)
 Metaspace       used 21367K, capacity 21748K, committed 22064K, reserved 1069056K
  class space    used 2226K, capacity 2355K, committed 2432K, reserved 1048576K
GC Heap History (10 events):
Event: 1.110 GC heap before
{Heap before GC invocations=1 (full 0):
 garbage-first heap   total 65536K, used 14439K [0x00000000c1800000, 0x0000000100000000)
  region size 1024K, 13 young (13312K), 2 survivors (2048K)
 Metaspace       used 12547K, capacity 12725K, committed 12928K, reserved 1060864K
  class space    used 1274K, capacity 1348K, committed 1408K, reserved 1048576K
}
Event: 1.117 GC heap after
{Heap after GC invocations=2 (full 0):
 garbage-first heap   total 65536K, used 3825K [0x00000000c1800000, 0x0000000100000000)
  region size 1024K, 1 young (1024K), 1 survivors (1024K)
 Metaspace       used 12547K, capacity 12725K, committed 12928K, reserved 1060864K
  class space    used 1274K, capacity 1348K, committed 1408K, reserved 1048576K
}
Event: 1.748 GC heap before
{Heap before GC invocations=2 (full 0):
 garbage-first heap   total 65536K, used 28401K [0x00000000c1800000, 0x0000000100000000)
  region size 1024K, 26 young (26624K), 1 survivors (1024K)
 Metaspace       used 15852K, capacity 16048K, committed 16256K, reserved 1062912K
  class space    used 1677K, capacity 1811K, committed 1920K, reserved 1048576K
}
Event: 1.752 GC heap after
{Heap after GC invocations=3 (full 0):
 garbage-first heap   total 65536K, used 4738K [0x00000000c1800000, 0x0000000100000000)
  region size 1024K, 2 young (2048K), 2 survivors (2048K)
 Metaspace       used 15852K, capacity 16048K, committed 16256K, reserved 1062912K
  class space    used 1677K, capacity 1811K, committed 1920K, reserved 1048576K
}
Event: 2.948 GC heap before
{Heap before GC invocations=3 (full 0):
 garbage-first heap   total 65536K, used 35458K [0x00000000c1800000, 0x0000000100000000)
  region size 1024K, 32 young (32768K), 2 survivors (2048K)
 Metaspace       used 20175K, capacity 20579K, committed 20736K, reserved 1067008K
  class space    used 2163K, capacity 2285K, committed 2304K, reserved 1048576K
}
Event: 2.962 GC heap after
{Heap after GC invocations=4 (full 0):
 garbage-first heap   total 65536K, used 7610K [0x00000000c1800000, 0x0000000100000000)
  region size 1024K, 4 young (4096K), 4 survivors (4096K)
 Metaspace       used 20175K, capacity 20579K, committed 20736K, reserved 1067008K
  class space    used 2163K, capacity 2285K, committed 2304K, reserved 1048576K
}
Event: 3.351 GC heap before
{Heap before GC invocations=4 (full 0):
 garbage-first heap   total 65536K, used 27066K [0x00000000c1800000, 0x0000000100000000)
  region size 1024K, 24 young (24576K), 4 survivors (4096K)
 Metaspace       used 20782K, capacity 21126K, committed 21296K, reserved 1069056K
  class space    used 2207K, capacity 2319K, committed 2432K, reserved 1048576K
}
Event: 3.371 GC heap after
{Heap after GC invocations=5 (full 0):
 garbage-first heap   total 65536K, used 10667K [0x00000000c1800000, 0x0000000100000000)
  region size 1024K, 3 young (3072K), 3 survivors (3072K)
 Metaspace       used 20782K, capacity 21126K, committed 21296K, reserved 1069056K
  class space    used 2207K, capacity 2319K, committed 2432K, reserved 1048576K
}
Event: 4.038 GC heap before
{Heap before GC invocations=6 (full 0):
 garbage-first heap   total 65536K, used 38315K [0x00000000c1800000, 0x0000000100000000)
  region size 1024K, 30 young (30720K), 3 survivors (3072K)
 Metaspace       used 21271K, capacity 21684K, committed 22064K, reserved 1069056K
  class space    used 2226K, capacity 2355K, committed 2432K, reserved 1048576K
}
Event: 4.049 GC heap after
{Heap after GC invocations=7 (full 0):
 garbage-first heap   total 78848K, used 11663K [0x00000000c1800000, 0x0000000100000000)
  region size 1024K, 2 young (2048K), 2 survivors (2048K)
 Metaspace       used 21271K, capacity 21684K, committed 22064K, reserved 1069056K
  class space    used 2226K, capacity 2355K, committed 2432K, reserved 1048576K
}

